2017-12-31 11:58:34,562 [main] DEBUG: edu.cmu.ri.createlab.terk.application.TerkApplication: TerkApplication.TerkApplication()
2017-12-31 11:58:34,563 [main] INFO : edu.cmu.ri.createlab.terk.application.TerkApplication: TerkApplication.TerkApplication(): System property [terk-application.connection-strategy.class.name] is not defined.  Attempting to use default [edu.cmu.ri.createlab.terk.robot.finch.LocalFinchConnectionStrategy] implementation class instead.
2017-12-31 11:58:34,572 [main] DEBUG: edu.cmu.ri.createlab.terk.application.TerkApplication: TerkApplication.TerkApplication(): successfully instantiated ConnectionStrategy implementation class [edu.cmu.ri.createlab.terk.robot.finch.LocalFinchConnectionStrategy]
2017-12-31 11:58:35,608 [main] DEBUG: edu.cmu.ri.createlab.device.connectivity.BaseCreateLabDeviceConnectivityManager: BaseCreateLabDeviceConnectivityManager: scanAndConnectWorkhorseRunnable.run()
2017-12-31 11:58:35,608 [main] DEBUG: edu.cmu.ri.createlab.device.connectivity.BaseCreateLabDeviceConnectivityManager: BaseCreateLabDeviceConnectivityManager.disconnect()
2017-12-31 11:58:35,608 [main] DEBUG: edu.cmu.ri.createlab.terk.robot.finch.LocalFinchConnectionStrategy: LocalFinchConnectionStrategy.handleConnectionStateChange(): OLD [Disconnected]  NEW [Disconnected]  port []
2017-12-31 11:58:35,609 [BaseCreateLabDeviceConnectivityManager.executorService pool-1-thread-1] DEBUG: edu.cmu.ri.createlab.device.connectivity.BaseCreateLabDeviceConnectivityManager: CreateLabDeviceConnectivityManagerImpl$DeviceScanner.run()
2017-12-31 11:58:35,609 [BaseCreateLabDeviceConnectivityManager.executorService pool-1-thread-1] DEBUG: edu.cmu.ri.createlab.terk.robot.finch.LocalFinchConnectionStrategy: LocalFinchConnectionStrategy.handleConnectionStateChange(): OLD [Disconnected]  NEW [Scanning]  port []
2017-12-31 11:58:35,615 [BaseCreateLabDeviceConnectivityManager.executorService pool-1-thread-1] DEBUG: edu.cmu.ri.createlab.terk.robot.finch.DefaultFinchController: DefaultFinchController.create(): creating HID device for vendor ID [2354] and product ID [1111]
2017-12-31 11:58:35,835 [BaseCreateLabDeviceConnectivityManager.executorService pool-1-thread-1] DEBUG: edu.cmu.ri.createlab.terk.robot.finch.DefaultFinchController: DefaultFinchController.create(): attempting connection...
2017-12-31 11:58:35,835 [BaseCreateLabDeviceConnectivityManager.executorService pool-1-thread-1] DEBUG: edu.cmu.ri.createlab.usb.hid.hidapi.BaseHIDAPIDevice: BaseHIDAPIDevice.readDeviceInfo(): looking for device with vendor id [2354] and product id [1111]
2017-12-31 11:58:35,840 [BaseCreateLabDeviceConnectivityManager.executorService pool-1-thread-1] DEBUG: edu.cmu.ri.createlab.util.NativeLibraryVersionChooser: NativeLibraryVersionChooser.getLibraryName(): sun.arch.data.model system property = [64]
2017-12-31 11:58:35,840 [BaseCreateLabDeviceConnectivityManager.executorService pool-1-thread-1] DEBUG: edu.cmu.ri.createlab.util.NativeLibraryVersionChooser: NativeLibraryVersionChooser.getLibraryName(): trying to load library [hidapi64]...
2017-12-31 11:58:35,841 [BaseCreateLabDeviceConnectivityManager.executorService pool-1-thread-1] DEBUG: edu.cmu.ri.createlab.util.NativeLibraryVersionChooser: NativeLibraryVersionChooser.getLibraryName(): successfully loaded library [hidapi64]
2017-12-31 11:58:35,841 [BaseCreateLabDeviceConnectivityManager.executorService pool-1-thread-1] DEBUG: edu.cmu.ri.createlab.util.NativeLibraryVersionChooser: NativeLibraryVersionChooser.getLibraryName(): returning [hidapi64]
2017-12-31 11:58:36,385 [BaseCreateLabDeviceConnectivityManager.executorService pool-1-thread-1] DEBUG: edu.cmu.ri.createlab.usb.hid.hidapi.BaseHIDAPIDevice: BaseHIDAPIDevice.readDeviceInfo(): found matching device:
2017-12-31 11:58:36,385 [BaseCreateLabDeviceConnectivityManager.executorService pool-1-thread-1] DEBUG: edu.cmu.ri.createlab.usb.hid.hidapi.BaseHIDAPIDevice:    manufacturer   = [BirdBrain Tools]
2017-12-31 11:58:36,385 [BaseCreateLabDeviceConnectivityManager.executorService pool-1-thread-1] DEBUG: edu.cmu.ri.createlab.usb.hid.hidapi.BaseHIDAPIDevice:    product        = [Finch]
2017-12-31 11:58:36,385 [BaseCreateLabDeviceConnectivityManager.executorService pool-1-thread-1] DEBUG: edu.cmu.ri.createlab.usb.hid.hidapi.BaseHIDAPIDevice:    serial number  = []
2017-12-31 11:58:36,385 [BaseCreateLabDeviceConnectivityManager.executorService pool-1-thread-1] DEBUG: edu.cmu.ri.createlab.usb.hid.hidapi.BaseHIDAPIDevice:    path           = [USB_2354_1111_0x7f8091c80a10]
2017-12-31 11:58:36,386 [BaseCreateLabDeviceConnectivityManager.executorService pool-1-thread-1] DEBUG: edu.cmu.ri.createlab.usb.hid.hidapi.BaseHIDAPIDevice:    Vendor/Product = [2354|1111]
2017-12-31 11:58:36,386 [BaseCreateLabDeviceConnectivityManager.executorService pool-1-thread-1] DEBUG: edu.cmu.ri.createlab.usb.hid.hidapi.BaseHIDAPIDevice: BaseHIDAPIDevice.claimAvailableDevice(): Device with path [USB_2354_1111_0x7f8091c80a10] NOT in use, so we'll use it
2017-12-31 11:58:36,386 [BaseCreateLabDeviceConnectivityManager.executorService pool-1-thread-1] DEBUG: edu.cmu.ri.createlab.usb.hid.hidapi.BaseHIDAPIDevice: BaseHIDAPIDevice.claimAvailableDevice(): returing deviceInfo! [edu.cmu.ri.createlab.usb.hid.DeviceInfoImpl@1d543f0e]
2017-12-31 11:58:36,386 [BaseCreateLabDeviceConnectivityManager.executorService pool-1-thread-1] DEBUG: edu.cmu.ri.createlab.usb.hid.hidapi.BaseHIDAPIDevice: BaseHIDAPIDevice.claimAvailableDevice(): returning the deviceInfo [edu.cmu.ri.createlab.usb.hid.DeviceInfoImpl@1d543f0e]
2017-12-31 11:58:37,406 [BaseCreateLabDeviceConnectivityManager.executorService pool-1-thread-1] DEBUG: edu.cmu.ri.createlab.device.connectivity.BaseCreateLabDeviceConnectivityManager: CreateLabDeviceConnectivityManagerImpl$DeviceScanner.run(): connection established!
2017-12-31 11:58:37,406 [BaseCreateLabDeviceConnectivityManager.executorService pool-1-thread-1] DEBUG: edu.cmu.ri.createlab.terk.robot.finch.LocalFinchConnectionStrategy: LocalFinchConnectionStrategy.handleConnectionStateChange(): OLD [Scanning]  NEW [Connected]  port [USB_2354_1111_0x7f8091c80a10]
2017-12-31 11:59:04,876 [main] DEBUG: edu.cmu.ri.createlab.terk.application.TerkApplication: TerkApplication.TerkApplication()
2017-12-31 11:59:04,877 [main] INFO : edu.cmu.ri.createlab.terk.application.TerkApplication: TerkApplication.TerkApplication(): System property [terk-application.connection-strategy.class.name] is not defined.  Attempting to use default [edu.cmu.ri.createlab.terk.robot.finch.LocalFinchConnectionStrategy] implementation class instead.
2017-12-31 11:59:04,886 [main] DEBUG: edu.cmu.ri.createlab.terk.application.TerkApplication: TerkApplication.TerkApplication(): successfully instantiated ConnectionStrategy implementation class [edu.cmu.ri.createlab.terk.robot.finch.LocalFinchConnectionStrategy]
2017-12-31 11:59:05,904 [main] DEBUG: edu.cmu.ri.createlab.device.connectivity.BaseCreateLabDeviceConnectivityManager: BaseCreateLabDeviceConnectivityManager: scanAndConnectWorkhorseRunnable.run()
2017-12-31 11:59:05,905 [main] DEBUG: edu.cmu.ri.createlab.device.connectivity.BaseCreateLabDeviceConnectivityManager: BaseCreateLabDeviceConnectivityManager.disconnect()
2017-12-31 11:59:05,905 [main] DEBUG: edu.cmu.ri.createlab.terk.robot.finch.LocalFinchConnectionStrategy: LocalFinchConnectionStrategy.handleConnectionStateChange(): OLD [Disconnected]  NEW [Disconnected]  port []
2017-12-31 11:59:05,906 [BaseCreateLabDeviceConnectivityManager.executorService pool-1-thread-1] DEBUG: edu.cmu.ri.createlab.device.connectivity.BaseCreateLabDeviceConnectivityManager: CreateLabDeviceConnectivityManagerImpl$DeviceScanner.run()
2017-12-31 11:59:05,906 [BaseCreateLabDeviceConnectivityManager.executorService pool-1-thread-1] DEBUG: edu.cmu.ri.createlab.terk.robot.finch.LocalFinchConnectionStrategy: LocalFinchConnectionStrategy.handleConnectionStateChange(): OLD [Disconnected]  NEW [Scanning]  port []
2017-12-31 11:59:05,911 [BaseCreateLabDeviceConnectivityManager.executorService pool-1-thread-1] DEBUG: edu.cmu.ri.createlab.terk.robot.finch.DefaultFinchController: DefaultFinchController.create(): creating HID device for vendor ID [2354] and product ID [1111]
2017-12-31 11:59:06,105 [BaseCreateLabDeviceConnectivityManager.executorService pool-1-thread-1] DEBUG: edu.cmu.ri.createlab.terk.robot.finch.DefaultFinchController: DefaultFinchController.create(): attempting connection...
2017-12-31 11:59:06,105 [BaseCreateLabDeviceConnectivityManager.executorService pool-1-thread-1] DEBUG: edu.cmu.ri.createlab.usb.hid.hidapi.BaseHIDAPIDevice: BaseHIDAPIDevice.readDeviceInfo(): looking for device with vendor id [2354] and product id [1111]
2017-12-31 11:59:06,111 [BaseCreateLabDeviceConnectivityManager.executorService pool-1-thread-1] DEBUG: edu.cmu.ri.createlab.util.NativeLibraryVersionChooser: NativeLibraryVersionChooser.getLibraryName(): sun.arch.data.model system property = [64]
2017-12-31 11:59:06,111 [BaseCreateLabDeviceConnectivityManager.executorService pool-1-thread-1] DEBUG: edu.cmu.ri.createlab.util.NativeLibraryVersionChooser: NativeLibraryVersionChooser.getLibraryName(): trying to load library [hidapi64]...
2017-12-31 11:59:06,112 [BaseCreateLabDeviceConnectivityManager.executorService pool-1-thread-1] DEBUG: edu.cmu.ri.createlab.util.NativeLibraryVersionChooser: NativeLibraryVersionChooser.getLibraryName(): successfully loaded library [hidapi64]
2017-12-31 11:59:06,112 [BaseCreateLabDeviceConnectivityManager.executorService pool-1-thread-1] DEBUG: edu.cmu.ri.createlab.util.NativeLibraryVersionChooser: NativeLibraryVersionChooser.getLibraryName(): returning [hidapi64]
2017-12-31 11:59:06,663 [BaseCreateLabDeviceConnectivityManager.executorService pool-1-thread-1] DEBUG: edu.cmu.ri.createlab.usb.hid.hidapi.BaseHIDAPIDevice: BaseHIDAPIDevice.readDeviceInfo(): found matching device:
2017-12-31 11:59:06,663 [BaseCreateLabDeviceConnectivityManager.executorService pool-1-thread-1] DEBUG: edu.cmu.ri.createlab.usb.hid.hidapi.BaseHIDAPIDevice:    manufacturer   = [BirdBrain Tools]
2017-12-31 11:59:06,663 [BaseCreateLabDeviceConnectivityManager.executorService pool-1-thread-1] DEBUG: edu.cmu.ri.createlab.usb.hid.hidapi.BaseHIDAPIDevice:    product        = [Finch]
2017-12-31 11:59:06,663 [BaseCreateLabDeviceConnectivityManager.executorService pool-1-thread-1] DEBUG: edu.cmu.ri.createlab.usb.hid.hidapi.BaseHIDAPIDevice:    serial number  = []
2017-12-31 11:59:06,663 [BaseCreateLabDeviceConnectivityManager.executorService pool-1-thread-1] DEBUG: edu.cmu.ri.createlab.usb.hid.hidapi.BaseHIDAPIDevice:    path           = [USB_2354_1111_0x7f9f55e947b0]
2017-12-31 11:59:06,663 [BaseCreateLabDeviceConnectivityManager.executorService pool-1-thread-1] DEBUG: edu.cmu.ri.createlab.usb.hid.hidapi.BaseHIDAPIDevice:    Vendor/Product = [2354|1111]
2017-12-31 11:59:06,663 [BaseCreateLabDeviceConnectivityManager.executorService pool-1-thread-1] DEBUG: edu.cmu.ri.createlab.usb.hid.hidapi.BaseHIDAPIDevice: BaseHIDAPIDevice.claimAvailableDevice(): Device with path [USB_2354_1111_0x7f9f55e947b0] NOT in use, so we'll use it
2017-12-31 11:59:06,664 [BaseCreateLabDeviceConnectivityManager.executorService pool-1-thread-1] DEBUG: edu.cmu.ri.createlab.usb.hid.hidapi.BaseHIDAPIDevice: BaseHIDAPIDevice.claimAvailableDevice(): returing deviceInfo! [edu.cmu.ri.createlab.usb.hid.DeviceInfoImpl@79a91983]
2017-12-31 11:59:06,664 [BaseCreateLabDeviceConnectivityManager.executorService pool-1-thread-1] DEBUG: edu.cmu.ri.createlab.usb.hid.hidapi.BaseHIDAPIDevice: BaseHIDAPIDevice.claimAvailableDevice(): returning the deviceInfo [edu.cmu.ri.createlab.usb.hid.DeviceInfoImpl@79a91983]
2017-12-31 11:59:06,686 [BaseCreateLabDeviceConnectivityManager.executorService pool-1-thread-1] DEBUG: edu.cmu.ri.createlab.device.connectivity.BaseCreateLabDeviceConnectivityManager: CreateLabDeviceConnectivityManagerImpl$DeviceScanner.run(): connection established!
2017-12-31 11:59:06,686 [BaseCreateLabDeviceConnectivityManager.executorService pool-1-thread-1] DEBUG: edu.cmu.ri.createlab.terk.robot.finch.LocalFinchConnectionStrategy: LocalFinchConnectionStrategy.handleConnectionStateChange(): OLD [Scanning]  NEW [Connected]  port [USB_2354_1111_0x7f9f55e947b0]
2017-12-31 11:59:10,509 [main] DEBUG: edu.cmu.ri.createlab.terk.robot.finch.services.FinchServiceManager: FinchServiceManager.loadService() needs to load the [::TeRK::led::FullColorLEDService] service
2017-12-31 11:59:10,509 [main] DEBUG: edu.cmu.ri.createlab.terk.robot.finch.services.FinchServiceFactory: FinchServiceFactory.createService(::TeRK::led::FullColorLEDService)
2017-12-31 11:59:10,512 [main] DEBUG: edu.cmu.ri.createlab.terk.properties.BasicPropertyManager: ServantPropertyManager.setReadOnlyProperty(device.count,1)
2017-12-31 11:59:10,512 [main] DEBUG: edu.cmu.ri.createlab.terk.properties.BasicPropertyManager: ServantPropertyManager.setReadOnlyProperty(::TeRK::led::FullColorLEDService::min-intensity,0)
2017-12-31 11:59:10,512 [main] DEBUG: edu.cmu.ri.createlab.terk.properties.BasicPropertyManager: ServantPropertyManager.setReadOnlyProperty(::TeRK::led::FullColorLEDService::max-intensity,255)
2017-12-31 11:59:18,516 [main] DEBUG: edu.cmu.ri.createlab.terk.application.TerkApplication: TerkApplication.shutdown()
2017-12-31 11:59:18,516 [main] DEBUG: edu.cmu.ri.createlab.terk.application.TerkApplication: TerkApplication$shutdownRunnable.run()
2017-12-31 11:59:18,516 [main] DEBUG: edu.cmu.ri.createlab.terk.robot.finch.LocalFinchConnectionStrategy: LocalFinchConnectionStrategy.prepareForShutdown()
2017-12-31 11:59:18,516 [main] DEBUG: edu.cmu.ri.createlab.terk.robot.finch.LocalFinchConnectionStrategy: LocalFinchConnectionStrategy.disconnect()
2017-12-31 11:59:18,516 [main] DEBUG: edu.cmu.ri.createlab.device.connectivity.BaseCreateLabDeviceConnectivityManager: BaseCreateLabDeviceConnectivityManager.disconnect()
2017-12-31 11:59:18,516 [main] DEBUG: edu.cmu.ri.createlab.terk.robot.finch.DefaultFinchController: DefaultFinchController.disconnect(): Shutting down finch pinger...
2017-12-31 11:59:18,516 [main] DEBUG: edu.cmu.ri.createlab.terk.robot.finch.DefaultFinchController: DefaultFinchController.disconnect(): Successfully shut down finch pinger.
2017-12-31 11:59:18,516 [main] DEBUG: edu.cmu.ri.createlab.terk.robot.finch.DefaultFinchController: DefaultFinchController.disconnect(): Now attempting to send the disconnect command to the finch
2017-12-31 11:59:18,522 [main] DEBUG: edu.cmu.ri.createlab.terk.robot.finch.DefaultFinchController: DefaultFinchController.disconnect(): Successfully disconnected from the finch.
2017-12-31 11:59:18,522 [main] DEBUG: edu.cmu.ri.createlab.terk.robot.finch.DefaultFinchController: DefaultFinchController.disconnect(): Now shutting down the HIDCommandExecutionQueue...
2017-12-31 11:59:18,522 [main] DEBUG: edu.cmu.ri.createlab.usb.hid.HIDCommandExecutionQueue: HIDCommandExecutionQueue.shutdown(): Shutting down the HID device command execution queue
2017-12-31 11:59:18,522 [main] DEBUG: edu.cmu.ri.createlab.usb.hid.HIDCommandExecutionQueue: HIDCommandExecutionQueue.shutdown(): Unexecuted tasks: 0
2017-12-31 11:59:18,523 [main] DEBUG: edu.cmu.ri.createlab.usb.hid.HIDCommandExecutionQueue: HIDCommandExecutionQueue.shutdown(): Waiting for the HID device command execution queue to shutdown.
2017-12-31 11:59:18,523 [main] DEBUG: edu.cmu.ri.createlab.usb.hid.HIDCommandExecutionQueue: HIDCommandExecutionQueue.shutdown(): HID device command execution queue successfully shutdown
2017-12-31 11:59:18,523 [main] DEBUG: edu.cmu.ri.createlab.usb.hid.HIDCommandExecutionQueue: HIDCommandExecutionQueue.shutdown(): Now attempting to disconnect from the HID device...
2017-12-31 11:59:18,523 [main] DEBUG: edu.cmu.ri.createlab.usb.hid.hidapi.BaseHIDAPIDevice: BaseHIDAPIDevice.releaseDevice(): about to release device [USB_2354_1111_0x7f9f55e947b0]
2017-12-31 11:59:18,523 [main] DEBUG: edu.cmu.ri.createlab.usb.hid.hidapi.BaseHIDAPIDevice: BaseHIDAPIDevice.releaseDevice(): done releasing [USB_2354_1111_0x7f9f55e947b0]
2017-12-31 11:59:18,524 [main] DEBUG: edu.cmu.ri.createlab.usb.hid.hidapi.BaseHIDAPIDevice: BaseHIDAPIDevice.disconnect(): disconnected successfully
2017-12-31 11:59:18,524 [main] DEBUG: edu.cmu.ri.createlab.usb.hid.HIDCommandExecutionQueue: HIDCommandExecutionQueue.shutdown(): HID device disconnected successfully.
2017-12-31 11:59:18,524 [main] DEBUG: edu.cmu.ri.createlab.terk.robot.finch.LocalFinchConnectionStrategy: LocalFinchConnectionStrategy.handleConnectionStateChange(): OLD [Connected]  NEW [Disconnected]  port []
2017-12-31 12:00:41,673 [main] DEBUG: edu.cmu.ri.createlab.terk.application.TerkApplication: TerkApplication.TerkApplication()
2017-12-31 12:00:41,674 [main] INFO : edu.cmu.ri.createlab.terk.application.TerkApplication: TerkApplication.TerkApplication(): System property [terk-application.connection-strategy.class.name] is not defined.  Attempting to use default [edu.cmu.ri.createlab.terk.robot.finch.LocalFinchConnectionStrategy] implementation class instead.
2017-12-31 12:00:41,682 [main] DEBUG: edu.cmu.ri.createlab.terk.application.TerkApplication: TerkApplication.TerkApplication(): successfully instantiated ConnectionStrategy implementation class [edu.cmu.ri.createlab.terk.robot.finch.LocalFinchConnectionStrategy]
2017-12-31 12:00:42,754 [main] DEBUG: edu.cmu.ri.createlab.device.connectivity.BaseCreateLabDeviceConnectivityManager: BaseCreateLabDeviceConnectivityManager: scanAndConnectWorkhorseRunnable.run()
2017-12-31 12:00:42,754 [main] DEBUG: edu.cmu.ri.createlab.device.connectivity.BaseCreateLabDeviceConnectivityManager: BaseCreateLabDeviceConnectivityManager.disconnect()
2017-12-31 12:00:42,754 [main] DEBUG: edu.cmu.ri.createlab.terk.robot.finch.LocalFinchConnectionStrategy: LocalFinchConnectionStrategy.handleConnectionStateChange(): OLD [Disconnected]  NEW [Disconnected]  port []
2017-12-31 12:00:42,755 [BaseCreateLabDeviceConnectivityManager.executorService pool-1-thread-1] DEBUG: edu.cmu.ri.createlab.device.connectivity.BaseCreateLabDeviceConnectivityManager: CreateLabDeviceConnectivityManagerImpl$DeviceScanner.run()
2017-12-31 12:00:42,755 [BaseCreateLabDeviceConnectivityManager.executorService pool-1-thread-1] DEBUG: edu.cmu.ri.createlab.terk.robot.finch.LocalFinchConnectionStrategy: LocalFinchConnectionStrategy.handleConnectionStateChange(): OLD [Disconnected]  NEW [Scanning]  port []
2017-12-31 12:00:42,760 [BaseCreateLabDeviceConnectivityManager.executorService pool-1-thread-1] DEBUG: edu.cmu.ri.createlab.terk.robot.finch.DefaultFinchController: DefaultFinchController.create(): creating HID device for vendor ID [2354] and product ID [1111]
2017-12-31 12:00:42,955 [BaseCreateLabDeviceConnectivityManager.executorService pool-1-thread-1] DEBUG: edu.cmu.ri.createlab.terk.robot.finch.DefaultFinchController: DefaultFinchController.create(): attempting connection...
2017-12-31 12:00:42,955 [BaseCreateLabDeviceConnectivityManager.executorService pool-1-thread-1] DEBUG: edu.cmu.ri.createlab.usb.hid.hidapi.BaseHIDAPIDevice: BaseHIDAPIDevice.readDeviceInfo(): looking for device with vendor id [2354] and product id [1111]
2017-12-31 12:00:42,961 [BaseCreateLabDeviceConnectivityManager.executorService pool-1-thread-1] DEBUG: edu.cmu.ri.createlab.util.NativeLibraryVersionChooser: NativeLibraryVersionChooser.getLibraryName(): sun.arch.data.model system property = [64]
2017-12-31 12:00:42,961 [BaseCreateLabDeviceConnectivityManager.executorService pool-1-thread-1] DEBUG: edu.cmu.ri.createlab.util.NativeLibraryVersionChooser: NativeLibraryVersionChooser.getLibraryName(): trying to load library [hidapi64]...
2017-12-31 12:00:42,962 [BaseCreateLabDeviceConnectivityManager.executorService pool-1-thread-1] DEBUG: edu.cmu.ri.createlab.util.NativeLibraryVersionChooser: NativeLibraryVersionChooser.getLibraryName(): successfully loaded library [hidapi64]
2017-12-31 12:00:42,962 [BaseCreateLabDeviceConnectivityManager.executorService pool-1-thread-1] DEBUG: edu.cmu.ri.createlab.util.NativeLibraryVersionChooser: NativeLibraryVersionChooser.getLibraryName(): returning [hidapi64]
2017-12-31 12:00:43,491 [BaseCreateLabDeviceConnectivityManager.executorService pool-1-thread-1] DEBUG: edu.cmu.ri.createlab.usb.hid.hidapi.BaseHIDAPIDevice: BaseHIDAPIDevice.readDeviceInfo(): found matching device:
2017-12-31 12:00:43,491 [BaseCreateLabDeviceConnectivityManager.executorService pool-1-thread-1] DEBUG: edu.cmu.ri.createlab.usb.hid.hidapi.BaseHIDAPIDevice:    manufacturer   = [BirdBrain Tools]
2017-12-31 12:00:43,491 [BaseCreateLabDeviceConnectivityManager.executorService pool-1-thread-1] DEBUG: edu.cmu.ri.createlab.usb.hid.hidapi.BaseHIDAPIDevice:    product        = [Finch]
2017-12-31 12:00:43,491 [BaseCreateLabDeviceConnectivityManager.executorService pool-1-thread-1] DEBUG: edu.cmu.ri.createlab.usb.hid.hidapi.BaseHIDAPIDevice:    serial number  = []
2017-12-31 12:00:43,491 [BaseCreateLabDeviceConnectivityManager.executorService pool-1-thread-1] DEBUG: edu.cmu.ri.createlab.usb.hid.hidapi.BaseHIDAPIDevice:    path           = [USB_2354_1111_0x7fa0d7f78c90]
2017-12-31 12:00:43,491 [BaseCreateLabDeviceConnectivityManager.executorService pool-1-thread-1] DEBUG: edu.cmu.ri.createlab.usb.hid.hidapi.BaseHIDAPIDevice:    Vendor/Product = [2354|1111]
2017-12-31 12:00:43,491 [BaseCreateLabDeviceConnectivityManager.executorService pool-1-thread-1] DEBUG: edu.cmu.ri.createlab.usb.hid.hidapi.BaseHIDAPIDevice: BaseHIDAPIDevice.claimAvailableDevice(): Device with path [USB_2354_1111_0x7fa0d7f78c90] NOT in use, so we'll use it
2017-12-31 12:00:43,492 [BaseCreateLabDeviceConnectivityManager.executorService pool-1-thread-1] DEBUG: edu.cmu.ri.createlab.usb.hid.hidapi.BaseHIDAPIDevice: BaseHIDAPIDevice.claimAvailableDevice(): returing deviceInfo! [edu.cmu.ri.createlab.usb.hid.DeviceInfoImpl@7d5bb36a]
2017-12-31 12:00:43,492 [BaseCreateLabDeviceConnectivityManager.executorService pool-1-thread-1] DEBUG: edu.cmu.ri.createlab.usb.hid.hidapi.BaseHIDAPIDevice: BaseHIDAPIDevice.claimAvailableDevice(): returning the deviceInfo [edu.cmu.ri.createlab.usb.hid.DeviceInfoImpl@7d5bb36a]
2017-12-31 12:00:43,512 [BaseCreateLabDeviceConnectivityManager.executorService pool-1-thread-1] DEBUG: edu.cmu.ri.createlab.device.connectivity.BaseCreateLabDeviceConnectivityManager: CreateLabDeviceConnectivityManagerImpl$DeviceScanner.run(): connection established!
2017-12-31 12:00:43,513 [BaseCreateLabDeviceConnectivityManager.executorService pool-1-thread-1] DEBUG: edu.cmu.ri.createlab.terk.robot.finch.LocalFinchConnectionStrategy: LocalFinchConnectionStrategy.handleConnectionStateChange(): OLD [Scanning]  NEW [Connected]  port [USB_2354_1111_0x7fa0d7f78c90]
2017-12-31 12:01:34,580 [main] DEBUG: edu.cmu.ri.createlab.terk.application.TerkApplication: TerkApplication.TerkApplication()
2017-12-31 12:01:34,581 [main] INFO : edu.cmu.ri.createlab.terk.application.TerkApplication: TerkApplication.TerkApplication(): System property [terk-application.connection-strategy.class.name] is not defined.  Attempting to use default [edu.cmu.ri.createlab.terk.robot.finch.LocalFinchConnectionStrategy] implementation class instead.
2017-12-31 12:01:34,589 [main] DEBUG: edu.cmu.ri.createlab.terk.application.TerkApplication: TerkApplication.TerkApplication(): successfully instantiated ConnectionStrategy implementation class [edu.cmu.ri.createlab.terk.robot.finch.LocalFinchConnectionStrategy]
2017-12-31 12:01:35,651 [main] DEBUG: edu.cmu.ri.createlab.device.connectivity.BaseCreateLabDeviceConnectivityManager: BaseCreateLabDeviceConnectivityManager: scanAndConnectWorkhorseRunnable.run()
2017-12-31 12:01:35,651 [main] DEBUG: edu.cmu.ri.createlab.device.connectivity.BaseCreateLabDeviceConnectivityManager: BaseCreateLabDeviceConnectivityManager.disconnect()
2017-12-31 12:01:35,651 [main] DEBUG: edu.cmu.ri.createlab.terk.robot.finch.LocalFinchConnectionStrategy: LocalFinchConnectionStrategy.handleConnectionStateChange(): OLD [Disconnected]  NEW [Disconnected]  port []
2017-12-31 12:01:35,652 [BaseCreateLabDeviceConnectivityManager.executorService pool-1-thread-1] DEBUG: edu.cmu.ri.createlab.device.connectivity.BaseCreateLabDeviceConnectivityManager: CreateLabDeviceConnectivityManagerImpl$DeviceScanner.run()
2017-12-31 12:01:35,652 [BaseCreateLabDeviceConnectivityManager.executorService pool-1-thread-1] DEBUG: edu.cmu.ri.createlab.terk.robot.finch.LocalFinchConnectionStrategy: LocalFinchConnectionStrategy.handleConnectionStateChange(): OLD [Disconnected]  NEW [Scanning]  port []
2017-12-31 12:01:35,657 [BaseCreateLabDeviceConnectivityManager.executorService pool-1-thread-1] DEBUG: edu.cmu.ri.createlab.terk.robot.finch.DefaultFinchController: DefaultFinchController.create(): creating HID device for vendor ID [2354] and product ID [1111]
2017-12-31 12:01:35,850 [BaseCreateLabDeviceConnectivityManager.executorService pool-1-thread-1] DEBUG: edu.cmu.ri.createlab.terk.robot.finch.DefaultFinchController: DefaultFinchController.create(): attempting connection...
2017-12-31 12:01:35,850 [BaseCreateLabDeviceConnectivityManager.executorService pool-1-thread-1] DEBUG: edu.cmu.ri.createlab.usb.hid.hidapi.BaseHIDAPIDevice: BaseHIDAPIDevice.readDeviceInfo(): looking for device with vendor id [2354] and product id [1111]
2017-12-31 12:01:35,856 [BaseCreateLabDeviceConnectivityManager.executorService pool-1-thread-1] DEBUG: edu.cmu.ri.createlab.util.NativeLibraryVersionChooser: NativeLibraryVersionChooser.getLibraryName(): sun.arch.data.model system property = [64]
2017-12-31 12:01:35,856 [BaseCreateLabDeviceConnectivityManager.executorService pool-1-thread-1] DEBUG: edu.cmu.ri.createlab.util.NativeLibraryVersionChooser: NativeLibraryVersionChooser.getLibraryName(): trying to load library [hidapi64]...
2017-12-31 12:01:35,857 [BaseCreateLabDeviceConnectivityManager.executorService pool-1-thread-1] DEBUG: edu.cmu.ri.createlab.util.NativeLibraryVersionChooser: NativeLibraryVersionChooser.getLibraryName(): successfully loaded library [hidapi64]
2017-12-31 12:01:35,857 [BaseCreateLabDeviceConnectivityManager.executorService pool-1-thread-1] DEBUG: edu.cmu.ri.createlab.util.NativeLibraryVersionChooser: NativeLibraryVersionChooser.getLibraryName(): returning [hidapi64]
2017-12-31 12:01:36,397 [BaseCreateLabDeviceConnectivityManager.executorService pool-1-thread-1] DEBUG: edu.cmu.ri.createlab.usb.hid.hidapi.BaseHIDAPIDevice: BaseHIDAPIDevice.readDeviceInfo(): found matching device:
2017-12-31 12:01:36,397 [BaseCreateLabDeviceConnectivityManager.executorService pool-1-thread-1] DEBUG: edu.cmu.ri.createlab.usb.hid.hidapi.BaseHIDAPIDevice:    manufacturer   = [BirdBrain Tools]
2017-12-31 12:01:36,397 [BaseCreateLabDeviceConnectivityManager.executorService pool-1-thread-1] DEBUG: edu.cmu.ri.createlab.usb.hid.hidapi.BaseHIDAPIDevice:    product        = [Finch]
2017-12-31 12:01:36,397 [BaseCreateLabDeviceConnectivityManager.executorService pool-1-thread-1] DEBUG: edu.cmu.ri.createlab.usb.hid.hidapi.BaseHIDAPIDevice:    serial number  = []
2017-12-31 12:01:36,397 [BaseCreateLabDeviceConnectivityManager.executorService pool-1-thread-1] DEBUG: edu.cmu.ri.createlab.usb.hid.hidapi.BaseHIDAPIDevice:    path           = [USB_2354_1111_0x7fa5639a1f80]
2017-12-31 12:01:36,397 [BaseCreateLabDeviceConnectivityManager.executorService pool-1-thread-1] DEBUG: edu.cmu.ri.createlab.usb.hid.hidapi.BaseHIDAPIDevice:    Vendor/Product = [2354|1111]
2017-12-31 12:01:36,397 [BaseCreateLabDeviceConnectivityManager.executorService pool-1-thread-1] DEBUG: edu.cmu.ri.createlab.usb.hid.hidapi.BaseHIDAPIDevice: BaseHIDAPIDevice.claimAvailableDevice(): Device with path [USB_2354_1111_0x7fa5639a1f80] NOT in use, so we'll use it
2017-12-31 12:01:36,398 [BaseCreateLabDeviceConnectivityManager.executorService pool-1-thread-1] DEBUG: edu.cmu.ri.createlab.usb.hid.hidapi.BaseHIDAPIDevice: BaseHIDAPIDevice.claimAvailableDevice(): returing deviceInfo! [edu.cmu.ri.createlab.usb.hid.DeviceInfoImpl@70952872]
2017-12-31 12:01:36,398 [BaseCreateLabDeviceConnectivityManager.executorService pool-1-thread-1] DEBUG: edu.cmu.ri.createlab.usb.hid.hidapi.BaseHIDAPIDevice: BaseHIDAPIDevice.claimAvailableDevice(): returning the deviceInfo [edu.cmu.ri.createlab.usb.hid.DeviceInfoImpl@70952872]
2017-12-31 12:01:36,419 [BaseCreateLabDeviceConnectivityManager.executorService pool-1-thread-1] DEBUG: edu.cmu.ri.createlab.device.connectivity.BaseCreateLabDeviceConnectivityManager: CreateLabDeviceConnectivityManagerImpl$DeviceScanner.run(): connection established!
2017-12-31 12:01:36,419 [BaseCreateLabDeviceConnectivityManager.executorService pool-1-thread-1] DEBUG: edu.cmu.ri.createlab.terk.robot.finch.LocalFinchConnectionStrategy: LocalFinchConnectionStrategy.handleConnectionStateChange(): OLD [Scanning]  NEW [Connected]  port [USB_2354_1111_0x7fa5639a1f80]
2017-12-31 12:01:36,424 [main] DEBUG: edu.cmu.ri.createlab.terk.robot.finch.services.FinchServiceManager: FinchServiceManager.loadService() needs to load the [::TeRK::led::FullColorLEDService] service
2017-12-31 12:01:36,424 [main] DEBUG: edu.cmu.ri.createlab.terk.robot.finch.services.FinchServiceFactory: FinchServiceFactory.createService(::TeRK::led::FullColorLEDService)
2017-12-31 12:01:36,427 [main] DEBUG: edu.cmu.ri.createlab.terk.properties.BasicPropertyManager: ServantPropertyManager.setReadOnlyProperty(device.count,1)
2017-12-31 12:01:36,427 [main] DEBUG: edu.cmu.ri.createlab.terk.properties.BasicPropertyManager: ServantPropertyManager.setReadOnlyProperty(::TeRK::led::FullColorLEDService::min-intensity,0)
2017-12-31 12:01:36,427 [main] DEBUG: edu.cmu.ri.createlab.terk.properties.BasicPropertyManager: ServantPropertyManager.setReadOnlyProperty(::TeRK::led::FullColorLEDService::max-intensity,255)
